\BOOKMARK [-1][-]{part.1}{I\040Continuum\040Mechanics}{}% 1
\BOOKMARK [0][-]{chapter.1}{Kinematics}{part.1}% 2
\BOOKMARK [1][-]{section.1.1}{Material\040points\040in\040physical\040space}{chapter.1}% 3
\BOOKMARK [1][-]{section.1.2}{Arbitrary\040points\040in\040physical\040space}{chapter.1}% 4
\BOOKMARK [1][-]{section.1.3}{Time\040derivatives\040of\040a\040function\040from\040different\040descriptions}{chapter.1}% 5
\BOOKMARK [1][-]{section.1.4}{Kinematics\040of\040two\040points}{chapter.1}% 6
\BOOKMARK [0][-]{chapter.2}{Governing\040Equations}{part.1}% 7
\BOOKMARK [1][-]{section.2.1}{Integral\040Balance\040Equations\040of\040aaa\040physical\040quantities}{chapter.2}% 8
\BOOKMARK [2][-]{subsection.2.1.1}{Principles\040of\040classical\040mechanics\040for\040closed\040systems\040-\040Lagrangian\040description}{section.2.1}% 9
\BOOKMARK [2][-]{subsection.2.1.2}{Integral\040balance\040equations\040for\040arbitrary\040domains\040-\040arbitrary\040description}{section.2.1}% 10
\BOOKMARK [2][-]{subsection.2.1.3}{Integral\040balance\040equations\040for\040control\040volumes\040-\040Eulerian\040description}{section.2.1}% 11
\BOOKMARK [1][-]{section.2.2}{Differential\040Balance\040Equations\040of\040aaa\040physical\040quantities}{chapter.2}% 12
\BOOKMARK [1][-]{section.2.3}{Differential\040Balance\040Equations\040of\040ddd\040physical\040quantities}{chapter.2}% 13
\BOOKMARK [1][-]{section.2.4}{Integral\040Balance\040Equations\040of\040ddd\040physical\040quantities}{chapter.2}% 14
\BOOKMARK [0][-]{chapter.3}{Equazioni\040di\040stato\040ed\040equazioni\040costitutive}{part.1}% 15
\BOOKMARK [0][-]{chapter.4}{Equazioni\040di\040bilancio\040di\040altre\040grandezze\040fisiche}{part.1}% 16
\BOOKMARK [1][-]{section.4.1}{Bilanci\040in\040forma\040differenziale,\040convettiva}{chapter.4}% 17
\BOOKMARK [-1][-]{part.2}{II\040Solid\040Mechanics}{}% 18
\BOOKMARK [0][-]{chapter.5}{Introduction\040to\040Solid\040Mechanics}{part.2}% 19
\BOOKMARK [-1][-]{part.3}{III\040Fluid\040Mechanics}{}% 20
\BOOKMARK [0][-]{chapter.6}{Introduction\040to\040Fluid\040Mechanics}{part.3}% 21
\BOOKMARK [0][-]{chapter.7}{Statics}{part.3}% 22
\BOOKMARK [0][-]{chapter.8}{Constitutive\040Equations\040of\040Fluid\040Mechanics}{part.3}% 23
\BOOKMARK [1][-]{section.8.1}{Newtonian\040Fluids}{chapter.8}% 24
\BOOKMARK [0][-]{chapter.9}{Governing\040Equations\040of\040Fluid\040Mechanics}{part.3}% 25
\BOOKMARK [1][-]{section.9.1}{Newtonian\040Fluid}{chapter.9}% 26
\BOOKMARK [0][-]{chapter.10}{Non-dimensional\040Equations\040of\040Fluid\040Mechanics}{part.3}% 27
\BOOKMARK [0][-]{chapter.11}{Incompressible\040Fluid\040Mechanics}{part.3}% 28
\BOOKMARK [1][-]{section.11.1}{Navier-Stokes\040Equations}{chapter.11}% 29
\BOOKMARK [1][-]{section.11.2}{Vorticity}{chapter.11}% 30
\BOOKMARK [1][-]{section.11.3}{Bernoulli\040theorems}{chapter.11}% 31
\BOOKMARK [0][-]{chapter.12}{Compressible\040Fluid\040Mechanics}{part.3}% 32
\BOOKMARK [0][-]{section*.4}{Proof\040Index}{part.3}% 33
